<?xml version="1.0" encoding="UTF-8"?>
<!-- Generated by org.testng.reporters.JUnitReportReporter -->
<testsuite hostname="DESKTOP-D9JJULP" failures="0" tests="1" name="practice.pom.repository.Sampletestwithpom1" time="16.708" errors="0" timestamp="16 Jan 2025 07:55:52 GMT" skipped="0">
  <testcase classname="practice.pom.repository.Sampletestwithpom1" name="sampletest" time="16.708"/>
</testsuite> <!-- practice.pom.repository.Sampletestwithpom1 -->
