<?xml version="1.0" encoding="UTF-8"?>
<!-- Generated by org.testng.reporters.JUnitReportReporter -->
<testsuite hostname="DESKTOP-D9JJULP" failures="0" tests="1" name="practice.pom.repository.Sampletestwithpom" time="10.183" errors="0" timestamp="15 Jan 2025 10:10:47 GMT" skipped="0">
  <testcase classname="practice.pom.repository.Sampletestwithpom" name="sampletest" time="10.183"/>
</testsuite> <!-- practice.pom.repository.Sampletestwithpom -->
