<?xml version="1.0" encoding="UTF-8"?>
<!-- Generated by org.testng.reporters.JUnitReportReporter -->
<testsuite hostname="DESKTOP-D9JJULP" failures="0" tests="2" name="Practicehometest.HomePageSampleTest" time="0.026" errors="0" timestamp="2025-01-21T17:11:12 IST" skipped="0">
  <testcase classname="Practicehometest.HomePageSampleTest" name="verifyLogohomepageTest" time="0.004"/>
  <system-out>
    <![CDATA[verifyLogohomepageTestTest Start
step-1
step-2
step-3
step-4
verifyLogohomepageTestTest end]]>
  </system-out>
  <testcase classname="Practicehometest.HomePageSampleTest" name="homePageTest" time="0.022"/>
  <system-out>
    <![CDATA[homePageTestTest Start
step-1
step-2
step-3
step-4
homePageTestTest end]]>
  </system-out>
</testsuite> <!-- Practicehometest.HomePageSampleTest -->
