<?xml version="1.0" encoding="UTF-8"?>
<!-- Generated by org.testng.reporters.JUnitReportReporter -->
<testsuite hostname="DESKTOP-D9JJULP" failures="0" tests="1" name="Practicee.TestNG.SampleTestForscreenShot" time="19.990" errors="0" timestamp="2025-01-21T18:12:53 IST" skipped="0">
  <testcase classname="Practicee.TestNG.SampleTestForscreenShot" name="amazonTest" time="19.990"/>
  <system-out/>
</testsuite> <!-- Practicee.TestNG.SampleTestForscreenShot -->
