<?xml version="1.0" encoding="UTF-8"?>
<!-- Generated by org.testng.reporters.JUnitReportReporter -->
<testsuite hostname="DESKTOP-D9JJULP" failures="0" tests="2" name="com.crm.comcast.contactTest.CreateContactTest" time="0.033" errors="0" timestamp="2025-01-20T13:27:03 IST" skipped="0">
  <testcase classname="com.crm.comcast.contactTest.CreateContactTest" name="createcontactwithDate" time="0.007"/>
  <system-out/>
  <testcase classname="com.crm.comcast.contactTest.CreateContactTest" name="createcontact" time="0.026"/>
  <system-out/>
</testsuite> <!-- com.crm.comcast.contactTest.CreateContactTest -->
