<?xml version="1.0" encoding="UTF-8"?>
<!-- Generated by org.testng.reporters.JUnitReportReporter -->
<testsuite hostname="DESKTOP-D9JJULP" failures="0" tests="3" name="Practicee.TestNG.ContactTest" time="0.029" errors="0" timestamp="2025-01-17T15:41:52 IST" skipped="0">
  <testcase classname="Practicee.TestNG.ContactTest" name="createcontactTest" time="0.023"/>
  <system-out/>
  <testcase classname="Practicee.TestNG.ContactTest" name="DeletecontactTest" time="0.004"/>
  <system-out/>
  <testcase classname="Practicee.TestNG.ContactTest" name="modifycontactTest" time="0.002"/>
  <system-out/>
</testsuite> <!-- Practicee.TestNG.ContactTest -->
