<?xml version="1.0" encoding="UTF-8"?>
<!-- Generated by org.testng.reporters.JUnitReportReporter -->
<testsuite hostname="DESKTOP-D9JJULP" failures="0" tests="1" name="Practicee.TestNG.SampleTest" time="0.023" errors="0" timestamp="2025-01-17T14:59:57 IST" skipped="0">
  <testcase classname="Practicee.TestNG.SampleTest" name="createContactTest" time="0.023"/>
  <system-out/>
</testsuite> <!-- Practicee.TestNG.SampleTest -->
