<?xml version="1.0" encoding="UTF-8"?>
<!-- Generated by org.testng.reporters.JUnitReportReporter -->
<testsuite hostname="DESKTOP-D9JJULP" failures="0" tests="1" name="practice.pom.repository.GetProductInfoTest" time="0.000" errors="0" timestamp="2025-01-20T09:34:16 IST" skipped="1">
  <testcase classname="practice.pom.repository.GetProductInfoTest" name="getProductInfoTest" time="0.000">
    <skipped/>
  </testcase> <!-- getProductInfoTest -->
  <system-out/>
</testsuite> <!-- practice.pom.repository.GetProductInfoTest -->
