<?xml version="1.0" encoding="UTF-8"?>
<!-- Generated by org.testng.reporters.JUnitReportReporter -->
<testsuite hostname="DESKTOP-D9JJULP" failures="0" tests="2" name="com.pack1.CreateContactTest" time="0.020" errors="0" timestamp="2025-01-20T13:07:33 IST" skipped="0">
  <testcase classname="com.pack1.CreateContactTest" name="createcontactwithDate" time="0.003"/>
  <system-out/>
  <testcase classname="com.pack1.CreateContactTest" name="createcontact" time="0.017"/>
  <system-out/>
</testsuite> <!-- com.pack1.CreateContactTest -->
