<?xml version="1.0" encoding="UTF-8"?>
<!-- Generated by org.testng.reporters.JUnitReportReporter -->
<testsuite hostname="DESKTOP-D9JJULP" failures="0" tests="1" name="Practicehometest.CreateActivateSim" time="0.022" errors="0" timestamp="2025-01-23T11:12:35 IST" skipped="0">
  <testcase classname="Practicehometest.CreateActivateSim" name="activeSim" time="0.022"/>
  <system-out/>
</testsuite> <!-- Practicehometest.CreateActivateSim -->
