<?xml version="1.0" encoding="UTF-8"?>
<!-- Generated by org.testng.reporters.JUnitReportReporter -->
<testsuite hostname="DESKTOP-D9JJULP" failures="0" tests="3" name="Practicee.TestNG.CreateContactTest" time="0.039" errors="0" timestamp="2025-01-17T15:08:39 IST" skipped="0">
  <testcase classname="Practicee.TestNG.CreateContactTest" name="createcontactTest" time="0.027"/>
  <system-out/>
  <testcase classname="Practicee.TestNG.CreateContactTest" name="login" time="0.004"/>
  <system-out/>
  <testcase classname="Practicee.TestNG.CreateContactTest" name="navigateTocontactTest" time="0.008"/>
  <system-out/>
</testsuite> <!-- Practicee.TestNG.CreateContactTest -->
