<?xml version="1.0" encoding="UTF-8"?>
<!-- Generated by org.testng.reporters.JUnitReportReporter -->
<testsuite hostname="DESKTOP-D9JJULP" failures="0" tests="3" name="Practicee.TestNG.Createcontact_DP_Test" time="0.028" errors="0" timestamp="2025-01-18T16:47:28 IST" skipped="0">
  <testcase classname="Practicee.TestNG.Createcontact_DP_Test" name="createContacttest" time="0.003"/>
  <system-out/>
  <testcase classname="Practicee.TestNG.Createcontact_DP_Test" name="createContacttest" time="0.003"/>
  <system-out/>
  <testcase classname="Practicee.TestNG.Createcontact_DP_Test" name="createContacttest" time="0.022"/>
  <system-out/>
</testsuite> <!-- Practicee.TestNG.Createcontact_DP_Test -->
