<?xml version="1.0" encoding="UTF-8"?>
<!-- Generated by org.testng.reporters.JUnitReportReporter -->
<testsuite hostname="DESKTOP-D9JJULP" failures="0" tests="3" name="practice.pom.repository.Createcontact_DP_Test2" time="0.033" errors="0" timestamp="2025-01-18T16:57:19 IST" skipped="0">
  <testcase classname="practice.pom.repository.Createcontact_DP_Test2" name="createContacttest" time="0.005"/>
  <system-out/>
  <testcase classname="practice.pom.repository.Createcontact_DP_Test2" name="createContacttest" time="0.026"/>
  <system-out/>
  <testcase classname="practice.pom.repository.Createcontact_DP_Test2" name="createContacttest" time="0.002"/>
  <system-out/>
</testsuite> <!-- practice.pom.repository.Createcontact_DP_Test2 -->
